Flow report for clp_simples
Sun Jan 29 19:25:02 2017
Quartus II Version 11.0 Build 208 07/03/2011 Service Pack 1 SJ Web Edition


---------------------
; Table of Contents ;
---------------------
  1. Legal Notice
  2. Flow Summary
  3. Flow Settings
  4. Flow Non-Default Global Settings
  5. Flow Elapsed Time
  6. Flow OS Summary
  7. Flow Log



----------------
; Legal Notice ;
----------------
Copyright (C) 1991-2011 Altera Corporation
Your use of Altera Corporation's design tools, logic functions 
and other software and tools, and its AMPP partner logic 
functions, and any output files from any of the foregoing 
(including device programming or simulation files), and any 
associated documentation or information are expressly subject 
to the terms and conditions of the Altera Program License 
Subscription Agreement, Altera MegaCore Function License 
Agreement, or other applicable license agreement, including, 
without limitation, that your use is for the sole purpose of 
programming logic devices manufactured by Altera and sold by 
Altera or its authorized distributors.  Please refer to the 
applicable agreement for further details.



+------------------------------------------------------------------------------------+
; Flow Summary                                                                       ;
+------------------------------------+-----------------------------------------------+
; Flow Status                        ; Successful - Sun Jan 29 19:25:02 2017         ;
; Quartus II Version                 ; 11.0 Build 208 07/03/2011 SP 1 SJ Web Edition ;
; Revision Name                      ; clp_simples                                   ;
; Top-level Entity Name              ; clp_simples                                   ;
; Family                             ; Cyclone IV E                                  ;
; Device                             ; EP4CE6E22C8                                   ;
; Timing Models                      ; Final                                         ;
; Total logic elements               ; 353                                           ;
;     Total combinational functions  ; 259                                           ;
;     Dedicated logic registers      ; 188                                           ;
; Total registers                    ; 188                                           ;
; Total pins                         ; 54                                            ;
; Total virtual pins                 ; 0                                             ;
; Total memory bits                  ; 4,096                                         ;
; Embedded Multiplier 9-bit elements ; 0                                             ;
; Total PLLs                         ; 0                                             ;
+------------------------------------+-----------------------------------------------+


+-----------------------------------------+
; Flow Settings                           ;
+-------------------+---------------------+
; Option            ; Setting             ;
+-------------------+---------------------+
; Start date & time ; 01/29/2017 19:24:57 ;
; Main task         ; Compilation         ;
; Revision Name     ; clp_simples         ;
+-------------------+---------------------+


+-------------------------------------------------------------------------------------------------------------------------------------------------------+
; Flow Non-Default Global Settings                                                                                                                      ;
+-------------------------------------+----------------------------------------------------------------------+---------------+-------------+------------+
; Assignment Name                     ; Value                                                                ; Default Value ; Entity Name ; Section Id ;
+-------------------------------------+----------------------------------------------------------------------+---------------+-------------+------------+
; COMPILER_SIGNATURE_ID               ; 93047529397212.148573229703345                                       ; --            ; --          ; --         ;
; MAX_CORE_JUNCTION_TEMP              ; 85                                                                   ; --            ; --          ; --         ;
; MIN_CORE_JUNCTION_TEMP              ; 0                                                                    ; --            ; --          ; --         ;
; MISC_FILE                           ; /home/edson/Documents/Eletronica_Digital/CLP_simples/clp_simples.dpf ; --            ; --          ; --         ;
; PARTITION_COLOR                     ; 16764057                                                             ; --            ; --          ; Top        ;
; PARTITION_FITTER_PRESERVATION_LEVEL ; PLACEMENT_AND_ROUTING                                                ; --            ; --          ; Top        ;
; PARTITION_NETLIST_TYPE              ; SOURCE                                                               ; --            ; --          ; Top        ;
+-------------------------------------+----------------------------------------------------------------------+---------------+-------------+------------+


+--------------------------------------------------------------------------------------------------------------------------+
; Flow Elapsed Time                                                                                                        ;
+----------------------+--------------+-------------------------+---------------------+------------------------------------+
; Module Name          ; Elapsed Time ; Average Processors Used ; Peak Virtual Memory ; Total CPU Time (on all processors) ;
+----------------------+--------------+-------------------------+---------------------+------------------------------------+
; Analysis & Synthesis ; 00:00:04     ; 1.0                     ; --                  ; 00:00:03                           ;
; Total                ; 00:00:04     ; --                      ; --                  ; 00:00:03                           ;
+----------------------+--------------+-------------------------+---------------------+------------------------------------+


+----------------------------------------------------------------------------------------+
; Flow OS Summary                                                                        ;
+----------------------+------------------+----------------+------------+----------------+
; Module Name          ; Machine Hostname ; OS Name        ; OS Version ; Processor type ;
+----------------------+------------------+----------------+------------+----------------+
; Analysis & Synthesis ; Avalon           ; Ubuntu 16.04.1 ; 16         ; x86_64         ;
+----------------------+------------------+----------------+------------+----------------+


------------
; Flow Log ;
------------
quartus_map --read_settings_files=on --write_settings_files=off clp_simples -c clp_simples



